<?xml version="1.0" encoding="UTF-8"?>
<testsuite name="com.saarthi.ai.ai.PromptBuilderTest" tests="2" skipped="0" failures="0" errors="0" timestamp="2026-09-13T12:52:11.544Z" hostname="DESKTOP-166TB14" time="0.011">
  <properties/>
  <testcase name="testPromptContainsUserIntentAndInstructions" classname="com.saarthi.ai.ai.PromptBuilderTest" time="0.009"/>
  <testcase name="testPromptUsesCompactTreeWhenFullTreeExceedsLimit" classname="com.saarthi.ai.ai.PromptBuilderTest" time="0.002"/>
  <system-out><![CDATA[]]></system-out>
  <system-err><![CDATA[]]></system-err>
</testsuite>
